{"C:\\Users\\dream\\Documents\\seme2\\WebAppDev\\proj\\final\\addAlbum.js": {"path":"C:\\Users\\dream\\Documents\\seme2\\WebAppDev\\proj\\final\\addAlbum.js","statementMap":{"0":{"start":{"line":1,"column":11},"end":{"line":1,"column":24}},"1":{"start":{"line":2,"column":18},"end":{"line":2,"column":48}},"2":{"start":{"line":4,"column":10},"end":{"line":4,"column":135}},"3":{"start":{"line":7,"column":12},"end":{"line":10,"column":1}},"4":{"start":{"line":12,"column":0},"end":{"line":36,"column":2}},"5":{"start":{"line":13,"column":4},"end":{"line":13,"column":32}},"6":{"start":{"line":15,"column":18},"end":{"line":15,"column":20}},"7":{"start":{"line":17,"column":4},"end":{"line":17,"column":24}},"8":{"start":{"line":18,"column":4},"end":{"line":18,"column":22}},"9":{"start":{"line":20,"column":4},"end":{"line":20,"column":24}},"10":{"start":{"line":22,"column":4},"end":{"line":34,"column":7}},"11":{"start":{"line":25,"column":24},"end":{"line":25,"column":64}},"12":{"start":{"line":26,"column":8},"end":{"line":30,"column":11}},"13":{"start":{"line":33,"column":8},"end":{"line":33,"column":23}},"14":{"start":{"line":35,"column":4},"end":{"line":35,"column":18}}},"fnMap":{"0":{"name":"(anonymous_0)","decl":{"start":{"line":12,"column":26},"end":{"line":12,"column":27}},"loc":{"start":{"line":12,"column":43},"end":{"line":36,"column":1}},"line":12},"1":{"name":"(anonymous_1)","decl":{"start":{"line":22,"column":29},"end":{"line":22,"column":30}},"loc":{"start":{"line":22,"column":51},"end":{"line":34,"column":5}},"line":22}},"branchMap":{},"s":{"0":1,"1":1,"2":1,"3":1,"4":1,"5":1,"6":1,"7":1,"8":1,"9":1,"10":1,"11":0,"12":0,"13":0,"14":1},"f":{"0":1,"1":0},"b":{},"_coverageSchema":"332fd63041d2c1bcb487cc26dd0d5f7d97098a6c","hash":"96ef61ad53f8423c31e233b852768f25cec9ef82"}
,"C:\\Users\\dream\\Documents\\seme2\\WebAppDev\\proj\\final\\createAccount.js": {"path":"C:\\Users\\dream\\Documents\\seme2\\WebAppDev\\proj\\final\\createAccount.js","statementMap":{"0":{"start":{"line":2,"column":0},"end":{"line":4,"column":1}}},"fnMap":{"0":{"name":"(anonymous_0)","decl":{"start":{"line":2,"column":31},"end":{"line":2,"column":32}},"loc":{"start":{"line":2,"column":42},"end":{"line":4,"column":1}},"line":2}},"branchMap":{},"s":{"0":1},"f":{"0":1},"b":{},"_coverageSchema":"332fd63041d2c1bcb487cc26dd0d5f7d97098a6c","hash":"0a222a322869e8d2102dd2c6103e651f29b5605d"}
,"C:\\Users\\dream\\Documents\\seme2\\WebAppDev\\proj\\final\\displayFav.js": {"path":"C:\\Users\\dream\\Documents\\seme2\\WebAppDev\\proj\\final\\displayFav.js","statementMap":{"0":{"start":{"line":1,"column":16},"end":{"line":1,"column":34}},"1":{"start":{"line":2,"column":11},"end":{"line":2,"column":24}},"2":{"start":{"line":3,"column":17},"end":{"line":3,"column":41}},"3":{"start":{"line":13,"column":0},"end":{"line":31,"column":2}},"4":{"start":{"line":16,"column":4},"end":{"line":16,"column":23}},"5":{"start":{"line":17,"column":4},"end":{"line":17,"column":42}},"6":{"start":{"line":20,"column":18},"end":{"line":20,"column":50}},"7":{"start":{"line":21,"column":15},"end":{"line":21,"column":34}},"8":{"start":{"line":22,"column":18},"end":{"line":22,"column":27}},"9":{"start":{"line":24,"column":4},"end":{"line":24,"column":33}},"10":{"start":{"line":25,"column":4},"end":{"line":25,"column":17}}},"fnMap":{"0":{"name":"(anonymous_0)","decl":{"start":{"line":13,"column":28},"end":{"line":13,"column":29}},"loc":{"start":{"line":13,"column":39},"end":{"line":31,"column":1}},"line":13}},"branchMap":{},"s":{"0":1,"1":1,"2":1,"3":1,"4":0,"5":0,"6":0,"7":0,"8":0,"9":0,"10":0},"f":{"0":0},"b":{},"_coverageSchema":"332fd63041d2c1bcb487cc26dd0d5f7d97098a6c","hash":"b47e8bc3af3d05e7a871ad8430abd9f8d8ac381e"}
,"C:\\Users\\dream\\Documents\\seme2\\WebAppDev\\proj\\final\\displayGal.js": {"path":"C:\\Users\\dream\\Documents\\seme2\\WebAppDev\\proj\\final\\displayGal.js","statementMap":{"0":{"start":{"line":1,"column":16},"end":{"line":1,"column":34}},"1":{"start":{"line":2,"column":11},"end":{"line":2,"column":24}},"2":{"start":{"line":3,"column":16},"end":{"line":3,"column":39}},"3":{"start":{"line":10,"column":0},"end":{"line":24,"column":1}},"4":{"start":{"line":11,"column":4},"end":{"line":11,"column":22}},"5":{"start":{"line":13,"column":4},"end":{"line":13,"column":43}},"6":{"start":{"line":14,"column":4},"end":{"line":22,"column":13}},"7":{"start":{"line":16,"column":26},"end":{"line":16,"column":57}},"8":{"start":{"line":17,"column":22},"end":{"line":17,"column":45}},"9":{"start":{"line":18,"column":23},"end":{"line":18,"column":35}},"10":{"start":{"line":20,"column":8},"end":{"line":20,"column":41}},"11":{"start":{"line":21,"column":8},"end":{"line":21,"column":21}}},"fnMap":{"0":{"name":"(anonymous_0)","decl":{"start":{"line":10,"column":28},"end":{"line":10,"column":29}},"loc":{"start":{"line":10,"column":39},"end":{"line":24,"column":1}},"line":10},"1":{"name":"(anonymous_1)","decl":{"start":{"line":14,"column":15},"end":{"line":14,"column":16}},"loc":{"start":{"line":14,"column":26},"end":{"line":22,"column":5}},"line":14}},"branchMap":{},"s":{"0":1,"1":1,"2":1,"3":1,"4":0,"5":0,"6":0,"7":0,"8":0,"9":0,"10":0,"11":0},"f":{"0":0,"1":0},"b":{},"_coverageSchema":"332fd63041d2c1bcb487cc26dd0d5f7d97098a6c","hash":"eeeab181dbbd621f15582c4d32d9b04658840e42"}
,"C:\\Users\\dream\\Documents\\seme2\\WebAppDev\\proj\\final\\displayResults.js": {"path":"C:\\Users\\dream\\Documents\\seme2\\WebAppDev\\proj\\final\\displayResults.js","statementMap":{"0":{"start":{"line":1,"column":16},"end":{"line":1,"column":34}},"1":{"start":{"line":2,"column":11},"end":{"line":2,"column":24}},"2":{"start":{"line":12,"column":0},"end":{"line":47,"column":4}},"3":{"start":{"line":16,"column":23},"end":{"line":16,"column":25}},"4":{"start":{"line":17,"column":4},"end":{"line":45,"column":7}},"5":{"start":{"line":18,"column":8},"end":{"line":18,"column":34}},"6":{"start":{"line":19,"column":8},"end":{"line":19,"column":56}},"7":{"start":{"line":24,"column":8},"end":{"line":24,"column":37}},"8":{"start":{"line":25,"column":8},"end":{"line":25,"column":31}},"9":{"start":{"line":26,"column":8},"end":{"line":26,"column":34}},"10":{"start":{"line":28,"column":8},"end":{"line":33,"column":9}},"11":{"start":{"line":29,"column":11},"end":{"line":29,"column":39}},"12":{"start":{"line":30,"column":11},"end":{"line":30,"column":72}},"13":{"start":{"line":31,"column":11},"end":{"line":32,"column":98}},"14":{"start":{"line":35,"column":26},"end":{"line":35,"column":57}},"15":{"start":{"line":40,"column":20},"end":{"line":40,"column":43}},"16":{"start":{"line":41,"column":20},"end":{"line":41,"column":31}},"17":{"start":{"line":42,"column":20},"end":{"line":42,"column":31}},"18":{"start":{"line":44,"column":8},"end":{"line":44,"column":52}},"19":{"start":{"line":46,"column":6},"end":{"line":46,"column":25}}},"fnMap":{"0":{"name":"(anonymous_0)","decl":{"start":{"line":12,"column":32},"end":{"line":12,"column":33}},"loc":{"start":{"line":12,"column":64},"end":{"line":47,"column":3}},"line":12}},"branchMap":{"0":{"loc":{"start":{"line":17,"column":4},"end":{"line":45,"column":7}},"type":"if","locations":[{"start":{"line":17,"column":4},"end":{"line":45,"column":7}},{"start":{"line":17,"column":4},"end":{"line":45,"column":7}}],"line":17}},"s":{"0":1,"1":1,"2":1,"3":0,"4":0,"5":0,"6":0,"7":0,"8":0,"9":0,"10":0,"11":0,"12":0,"13":0,"14":0,"15":0,"16":0,"17":0,"18":0,"19":0},"f":{"0":0},"b":{"0":[0,0]},"_coverageSchema":"332fd63041d2c1bcb487cc26dd0d5f7d97098a6c","hash":"630d70d6333dece195cef08ab74c48d1b1652316"}
,"C:\\Users\\dream\\Documents\\seme2\\WebAppDev\\proj\\final\\favPic.js": {"path":"C:\\Users\\dream\\Documents\\seme2\\WebAppDev\\proj\\final\\favPic.js","statementMap":{"0":{"start":{"line":1,"column":11},"end":{"line":1,"column":24}},"1":{"start":{"line":2,"column":18},"end":{"line":2,"column":48}},"2":{"start":{"line":3,"column":10},"end":{"line":3,"column":135}},"3":{"start":{"line":11,"column":0},"end":{"line":45,"column":2}},"4":{"start":{"line":12,"column":4},"end":{"line":12,"column":36}},"5":{"start":{"line":14,"column":20},"end":{"line":14,"column":22}},"6":{"start":{"line":16,"column":4},"end":{"line":16,"column":25}},"7":{"start":{"line":18,"column":4},"end":{"line":29,"column":7}},"8":{"start":{"line":21,"column":20},"end":{"line":21,"column":62}},"9":{"start":{"line":22,"column":8},"end":{"line":25,"column":11}},"10":{"start":{"line":28,"column":8},"end":{"line":28,"column":23}},"11":{"start":{"line":44,"column":4},"end":{"line":44,"column":20}}},"fnMap":{"0":{"name":"(anonymous_0)","decl":{"start":{"line":11,"column":24},"end":{"line":11,"column":25}},"loc":{"start":{"line":11,"column":34},"end":{"line":45,"column":1}},"line":11},"1":{"name":"(anonymous_1)","decl":{"start":{"line":18,"column":29},"end":{"line":18,"column":30}},"loc":{"start":{"line":18,"column":51},"end":{"line":29,"column":5}},"line":18}},"branchMap":{},"s":{"0":1,"1":1,"2":1,"3":1,"4":1,"5":1,"6":1,"7":1,"8":0,"9":0,"10":0,"11":1},"f":{"0":1,"1":0},"b":{},"_coverageSchema":"332fd63041d2c1bcb487cc26dd0d5f7d97098a6c","hash":"49bb0fb38c896eb7e1c6d7377ce5dfbbcfe58038"}
,"C:\\Users\\dream\\Documents\\seme2\\WebAppDev\\proj\\final\\getThumbnails.js": {"path":"C:\\Users\\dream\\Documents\\seme2\\WebAppDev\\proj\\final\\getThumbnails.js","statementMap":{"0":{"start":{"line":2,"column":16},"end":{"line":2,"column":34}},"1":{"start":{"line":12,"column":0},"end":{"line":45,"column":2}},"2":{"start":{"line":13,"column":4},"end":{"line":43,"column":7}},"3":{"start":{"line":17,"column":22},"end":{"line":17,"column":24}},"4":{"start":{"line":18,"column":8},"end":{"line":41,"column":45}},"5":{"start":{"line":19,"column":12},"end":{"line":19,"column":30}},"6":{"start":{"line":20,"column":12},"end":{"line":20,"column":55}},"7":{"start":{"line":21,"column":15},"end":{"line":41,"column":45}},"8":{"start":{"line":22,"column":12},"end":{"line":22,"column":43}},"9":{"start":{"line":24,"column":15},"end":{"line":41,"column":45}},"10":{"start":{"line":25,"column":12},"end":{"line":25,"column":64}},"11":{"start":{"line":27,"column":15},"end":{"line":41,"column":45}},"12":{"start":{"line":28,"column":12},"end":{"line":34,"column":13}},"13":{"start":{"line":29,"column":16},"end":{"line":33,"column":17}},"14":{"start":{"line":30,"column":20},"end":{"line":30,"column":61}},"15":{"start":{"line":32,"column":20},"end":{"line":32,"column":39}},"16":{"start":{"line":35,"column":12},"end":{"line":39,"column":13}},"17":{"start":{"line":36,"column":16},"end":{"line":36,"column":40}},"18":{"start":{"line":38,"column":16},"end":{"line":38,"column":44}},"19":{"start":{"line":41,"column":16},"end":{"line":41,"column":44}}},"fnMap":{"0":{"name":"(anonymous_0)","decl":{"start":{"line":12,"column":31},"end":{"line":12,"column":32}},"loc":{"start":{"line":12,"column":57},"end":{"line":45,"column":1}},"line":12},"1":{"name":"(anonymous_1)","decl":{"start":{"line":16,"column":7},"end":{"line":16,"column":8}},"loc":{"start":{"line":16,"column":34},"end":{"line":43,"column":5}},"line":16}},"branchMap":{"0":{"loc":{"start":{"line":18,"column":8},"end":{"line":41,"column":45}},"type":"if","locations":[{"start":{"line":18,"column":8},"end":{"line":41,"column":45}},{"start":{"line":18,"column":8},"end":{"line":41,"column":45}}],"line":18},"1":{"loc":{"start":{"line":21,"column":15},"end":{"line":41,"column":45}},"type":"if","locations":[{"start":{"line":21,"column":15},"end":{"line":41,"column":45}},{"start":{"line":21,"column":15},"end":{"line":41,"column":45}}],"line":21},"2":{"loc":{"start":{"line":24,"column":15},"end":{"line":41,"column":45}},"type":"if","locations":[{"start":{"line":24,"column":15},"end":{"line":41,"column":45}},{"start":{"line":24,"column":15},"end":{"line":41,"column":45}}],"line":24},"3":{"loc":{"start":{"line":27,"column":15},"end":{"line":41,"column":45}},"type":"if","locations":[{"start":{"line":27,"column":15},"end":{"line":41,"column":45}},{"start":{"line":27,"column":15},"end":{"line":41,"column":45}}],"line":27},"4":{"loc":{"start":{"line":35,"column":12},"end":{"line":39,"column":13}},"type":"if","locations":[{"start":{"line":35,"column":12},"end":{"line":39,"column":13}},{"start":{"line":35,"column":12},"end":{"line":39,"column":13}}],"line":35},"5":{"loc":{"start":{"line":35,"column":16},"end":{"line":35,"column":68}},"type":"binary-expr","locations":[{"start":{"line":35,"column":16},"end":{"line":35,"column":46}},{"start":{"line":35,"column":50},"end":{"line":35,"column":68}}],"line":35}},"s":{"0":1,"1":1,"2":4,"3":0,"4":0,"5":0,"6":0,"7":0,"8":0,"9":0,"10":0,"11":0,"12":0,"13":0,"14":0,"15":0,"16":0,"17":0,"18":0,"19":0},"f":{"0":4,"1":0},"b":{"0":[0,0],"1":[0,0],"2":[0,0],"3":[0,0],"4":[0,0],"5":[0,0]},"_coverageSchema":"332fd63041d2c1bcb487cc26dd0d5f7d97098a6c","hash":"ea049219913a03df635c1d7b73310ac4e2639c8b"}
,"C:\\Users\\dream\\Documents\\seme2\\WebAppDev\\proj\\final\\loadGal.js": {"path":"C:\\Users\\dream\\Documents\\seme2\\WebAppDev\\proj\\final\\loadGal.js","statementMap":{"0":{"start":{"line":1,"column":11},"end":{"line":1,"column":24}},"1":{"start":{"line":3,"column":18},"end":{"line":3,"column":48}},"2":{"start":{"line":4,"column":10},"end":{"line":4,"column":135}},"3":{"start":{"line":7,"column":0},"end":{"line":39,"column":1}},"4":{"start":{"line":8,"column":4},"end":{"line":37,"column":5}},"5":{"start":{"line":10,"column":8},"end":{"line":25,"column":11}},"6":{"start":{"line":11,"column":12},"end":{"line":11,"column":36}},"7":{"start":{"line":12,"column":28},"end":{"line":12,"column":68}},"8":{"start":{"line":13,"column":12},"end":{"line":20,"column":15}},"9":{"start":{"line":17,"column":16},"end":{"line":17,"column":168}},"10":{"start":{"line":22,"column":12},"end":{"line":22,"column":36}},"11":{"start":{"line":23,"column":12},"end":{"line":23,"column":27}},"12":{"start":{"line":24,"column":12},"end":{"line":24,"column":30}},"13":{"start":{"line":35,"column":8},"end":{"line":35,"column":63}},"14":{"start":{"line":36,"column":8},"end":{"line":36,"column":26}}},"fnMap":{"0":{"name":"(anonymous_0)","decl":{"start":{"line":7,"column":25},"end":{"line":7,"column":26}},"loc":{"start":{"line":7,"column":36},"end":{"line":39,"column":1}},"line":7},"1":{"name":"(anonymous_1)","decl":{"start":{"line":10,"column":33},"end":{"line":10,"column":34}},"loc":{"start":{"line":10,"column":55},"end":{"line":25,"column":9}},"line":10},"2":{"name":"(anonymous_2)","decl":{"start":{"line":15,"column":23},"end":{"line":15,"column":24}},"loc":{"start":{"line":15,"column":44},"end":{"line":20,"column":13}},"line":15}},"branchMap":{},"s":{"0":1,"1":1,"2":1,"3":1,"4":0,"5":0,"6":0,"7":0,"8":0,"9":0,"10":0,"11":0,"12":0,"13":0,"14":0},"f":{"0":0,"1":0,"2":0},"b":{},"_coverageSchema":"332fd63041d2c1bcb487cc26dd0d5f7d97098a6c","hash":"2e3c301071a515d633c697a48a408878c1b43497"}
,"C:\\Users\\dream\\Documents\\seme2\\WebAppDev\\proj\\final\\loadImgs.js": {"path":"C:\\Users\\dream\\Documents\\seme2\\WebAppDev\\proj\\final\\loadImgs.js","statementMap":{"0":{"start":{"line":1,"column":11},"end":{"line":1,"column":24}},"1":{"start":{"line":2,"column":18},"end":{"line":2,"column":48}},"2":{"start":{"line":3,"column":10},"end":{"line":3,"column":135}},"3":{"start":{"line":11,"column":0},"end":{"line":43,"column":1}},"4":{"start":{"line":12,"column":4},"end":{"line":12,"column":25}},"5":{"start":{"line":14,"column":4},"end":{"line":41,"column":5}},"6":{"start":{"line":16,"column":8},"end":{"line":33,"column":11}},"7":{"start":{"line":18,"column":28},"end":{"line":18,"column":70}},"8":{"start":{"line":19,"column":12},"end":{"line":25,"column":15}},"9":{"start":{"line":23,"column":16},"end":{"line":23,"column":67}},"10":{"start":{"line":27,"column":12},"end":{"line":27,"column":27}},"11":{"start":{"line":28,"column":12},"end":{"line":31,"column":21}},"12":{"start":{"line":30,"column":16},"end":{"line":30,"column":31}},"13":{"start":{"line":39,"column":8},"end":{"line":39,"column":69}},"14":{"start":{"line":40,"column":8},"end":{"line":40,"column":23}}},"fnMap":{"0":{"name":"(anonymous_0)","decl":{"start":{"line":11,"column":26},"end":{"line":11,"column":27}},"loc":{"start":{"line":11,"column":37},"end":{"line":43,"column":1}},"line":11},"1":{"name":"(anonymous_1)","decl":{"start":{"line":16,"column":33},"end":{"line":16,"column":34}},"loc":{"start":{"line":16,"column":55},"end":{"line":33,"column":9}},"line":16},"2":{"name":"(anonymous_2)","decl":{"start":{"line":21,"column":23},"end":{"line":21,"column":24}},"loc":{"start":{"line":21,"column":44},"end":{"line":25,"column":13}},"line":21},"3":{"name":"(anonymous_3)","decl":{"start":{"line":28,"column":23},"end":{"line":28,"column":24}},"loc":{"start":{"line":28,"column":34},"end":{"line":31,"column":13}},"line":28}},"branchMap":{},"s":{"0":1,"1":1,"2":1,"3":1,"4":0,"5":0,"6":0,"7":0,"8":0,"9":0,"10":0,"11":0,"12":0,"13":0,"14":0},"f":{"0":0,"1":0,"2":0,"3":0},"b":{},"_coverageSchema":"332fd63041d2c1bcb487cc26dd0d5f7d97098a6c","hash":"236925bdebdb4564fe626be443970508d21df36d"}
}
