TN:
SF:C:\Users\dream\Documents\seme2\WebAppDev\proj\final\addAlbum.js
FN:12,(anonymous_0)
FN:22,(anonymous_1)
FNF:2
FNH:1
FNDA:1,(anonymous_0)
FNDA:0,(anonymous_1)
DA:1,1
DA:2,1
DA:4,1
DA:7,1
DA:12,1
DA:15,1
DA:17,1
DA:18,1
DA:20,1
DA:22,1
DA:25,0
DA:26,0
DA:33,0
DA:35,1
LF:14
LH:11
BRF:0
BRH:0
end_of_record
TN:
SF:C:\Users\dream\Documents\seme2\WebAppDev\proj\final\checkPassword.js
FN:1,(anonymous_0)
FNF:1
FNH:1
FNDA:3,(anonymous_0)
DA:1,1
DA:2,3
DA:3,1
DA:5,2
LF:4
LH:4
BRDA:2,0,0,1
BRDA:2,0,1,2
BRF:2
BRH:2
end_of_record
TN:
SF:C:\Users\dream\Documents\seme2\WebAppDev\proj\final\createAccount.js
FN:4,(anonymous_0)
FN:9,(anonymous_1)
FNF:2
FNH:1
FNDA:1,(anonymous_0)
FNDA:0,(anonymous_1)
DA:1,1
DA:2,1
DA:4,1
DA:5,1
DA:9,1
DA:11,0
DA:12,0
DA:17,0
DA:19,1
LF:9
LH:6
BRF:0
BRH:0
end_of_record
TN:
SF:C:\Users\dream\Documents\seme2\WebAppDev\proj\final\displayResults.js
FN:11,(anonymous_0)
FNF:1
FNH:0
FNDA:0,(anonymous_0)
DA:1,1
DA:2,1
DA:11,1
DA:12,0
DA:16,0
DA:17,0
DA:18,0
DA:23,0
DA:25,0
DA:26,0
DA:27,0
DA:31,0
LF:12
LH:3
BRDA:16,0,0,0
BRDA:16,0,1,0
BRF:2
BRH:0
end_of_record
TN:
SF:C:\Users\dream\Documents\seme2\WebAppDev\proj\final\favPic.js
FN:11,(anonymous_0)
FN:16,(anonymous_1)
FNF:2
FNH:1
FNDA:1,(anonymous_0)
FNDA:0,(anonymous_1)
DA:1,1
DA:2,1
DA:3,1
DA:11,1
DA:12,1
DA:16,1
DA:17,0
DA:18,0
DA:22,0
DA:24,1
LF:10
LH:7
BRF:0
BRH:0
end_of_record
TN:
SF:C:\Users\dream\Documents\seme2\WebAppDev\proj\final\getThumbnails.js
FN:11,(anonymous_0)
FN:15,(anonymous_1)
FNF:2
FNH:1
FNDA:4,(anonymous_0)
FNDA:0,(anonymous_1)
DA:1,1
DA:11,1
DA:12,4
DA:17,0
DA:18,0
DA:19,0
DA:20,0
DA:22,0
DA:23,0
DA:26,0
DA:27,0
DA:30,0
DA:31,0
DA:32,0
DA:33,0
DA:35,0
DA:36,0
DA:39,0
DA:40,0
LF:19
LH:3
BRDA:18,0,0,0
BRDA:18,0,1,0
BRDA:22,1,0,0
BRDA:22,1,1,0
BRDA:26,2,0,0
BRDA:26,2,1,0
BRDA:30,3,0,0
BRDA:30,3,1,0
BRDA:39,4,0,0
BRDA:39,4,1,0
BRDA:39,5,0,0
BRDA:39,5,1,0
BRF:12
BRH:0
end_of_record
TN:
SF:C:\Users\dream\Documents\seme2\WebAppDev\proj\final\loadGal.js
FN:7,(anonymous_0)
FN:9,(anonymous_1)
FN:14,(anonymous_2)
FN:22,(anonymous_3)
FNF:4
FNH:1
FNDA:1,(anonymous_0)
FNDA:0,(anonymous_1)
FNDA:0,(anonymous_2)
FNDA:0,(anonymous_3)
DA:1,1
DA:3,1
DA:4,1
DA:7,1
DA:8,1
DA:9,1
DA:10,0
DA:11,0
DA:12,0
DA:16,0
DA:20,0
DA:22,0
DA:23,0
DA:28,0
DA:29,0
LF:15
LH:6
BRF:0
BRH:0
end_of_record
TN:
SF:C:\Users\dream\Documents\seme2\WebAppDev\proj\final\loadImgs.js
FN:11,(anonymous_0)
FN:16,(anonymous_1)
FN:21,(anonymous_2)
FN:30,(anonymous_3)
FNF:4
FNH:0
FNDA:0,(anonymous_0)
FNDA:0,(anonymous_1)
FNDA:0,(anonymous_2)
FNDA:0,(anonymous_3)
DA:1,1
DA:2,1
DA:3,1
DA:11,1
DA:12,0
DA:14,0
DA:16,0
DA:18,0
DA:19,0
DA:23,0
DA:27,0
DA:30,0
DA:31,0
DA:32,0
DA:42,0
DA:43,0
LF:16
LH:4
BRF:0
BRH:0
end_of_record
